Determining if the pthread_create exist failed with the following output:
Change Dir: /home/fb/Learn/tutorials/CUDA编程入门/examples/men/build/CMakeFiles/CMakeTmp

Run Build Command:"/usr/bin/make" "cmTC_21553/fast"
/usr/bin/make -f CMakeFiles/cmTC_21553.dir/build.make CMakeFiles/cmTC_21553.dir/build
make[1]: Entering directory '/home/fb/Learn/tutorials/CUDA编程入门/examples/men/build/CMakeFiles/CMakeTmp'
Building C object CMakeFiles/cmTC_21553.dir/CheckSymbolExists.c.o
/usr/bin/cc    -fPIC    -o CMakeFiles/cmTC_21553.dir/CheckSymbolExists.c.o   -c /home/fb/Learn/tutorials/CUDA编程入门/examples/men/build/CMakeFiles/CMakeTmp/CheckSymbolExists.c
Linking C executable cmTC_21553
/usr/bin/cmake -E cmake_link_script CMakeFiles/cmTC_21553.dir/link.txt --verbose=1
/usr/bin/cc  -fPIC     CMakeFiles/cmTC_21553.dir/CheckSymbolExists.c.o  -o cmTC_21553 -rdynamic 
CMakeFiles/cmTC_21553.dir/CheckSymbolExists.c.o：在函数‘main’中：
CheckSymbolExists.c:(.text+0x1b)：对‘pthread_create’未定义的引用
collect2: error: ld returned 1 exit status
CMakeFiles/cmTC_21553.dir/build.make:97: recipe for target 'cmTC_21553' failed
make[1]: *** [cmTC_21553] Error 1
make[1]: Leaving directory '/home/fb/Learn/tutorials/CUDA编程入门/examples/men/build/CMakeFiles/CMakeTmp'
Makefile:126: recipe for target 'cmTC_21553/fast' failed
make: *** [cmTC_21553/fast] Error 2

File /home/fb/Learn/tutorials/CUDA编程入门/examples/men/build/CMakeFiles/CMakeTmp/CheckSymbolExists.c:
/* */
#include <pthread.h>

int main(int argc, char** argv)
{
  (void)argv;
#ifndef pthread_create
  return ((int*)(&pthread_create))[argc];
#else
  (void)argc;
  return 0;
#endif
}

Determining if the function pthread_create exists in the pthreads failed with the following output:
Change Dir: /home/fb/Learn/tutorials/CUDA编程入门/examples/men/build/CMakeFiles/CMakeTmp

Run Build Command:"/usr/bin/make" "cmTC_af651/fast"
/usr/bin/make -f CMakeFiles/cmTC_af651.dir/build.make CMakeFiles/cmTC_af651.dir/build
make[1]: Entering directory '/home/fb/Learn/tutorials/CUDA编程入门/examples/men/build/CMakeFiles/CMakeTmp'
Building C object CMakeFiles/cmTC_af651.dir/CheckFunctionExists.c.o
/usr/bin/cc    -fPIC -DCHECK_FUNCTION_EXISTS=pthread_create   -o CMakeFiles/cmTC_af651.dir/CheckFunctionExists.c.o   -c /usr/share/cmake-3.5/Modules/CheckFunctionExists.c
Linking C executable cmTC_af651
/usr/bin/cmake -E cmake_link_script CMakeFiles/cmTC_af651.dir/link.txt --verbose=1
/usr/bin/cc  -fPIC -DCHECK_FUNCTION_EXISTS=pthread_create    CMakeFiles/cmTC_af651.dir/CheckFunctionExists.c.o  -o cmTC_af651 -rdynamic -lpthreads 
/usr/bin/ld: 找不到 -lpthreads
collect2: error: ld returned 1 exit status
CMakeFiles/cmTC_af651.dir/build.make:97: recipe for target 'cmTC_af651' failed
make[1]: *** [cmTC_af651] Error 1
make[1]: Leaving directory '/home/fb/Learn/tutorials/CUDA编程入门/examples/men/build/CMakeFiles/CMakeTmp'
Makefile:126: recipe for target 'cmTC_af651/fast' failed
make: *** [cmTC_af651/fast] Error 2


