Determining if the pthread_create exist failed with the following output:
Change Dir: /home/fb/Learn/tutorials/CUDA编程入门/examples/VecAdd/build/CMakeFiles/CMakeTmp

Run Build Command:"/usr/bin/make" "cmTC_7f728/fast"
/usr/bin/make -f CMakeFiles/cmTC_7f728.dir/build.make CMakeFiles/cmTC_7f728.dir/build
make[1]: Entering directory '/home/fb/Learn/tutorials/CUDA编程入门/examples/VecAdd/build/CMakeFiles/CMakeTmp'
Building C object CMakeFiles/cmTC_7f728.dir/CheckSymbolExists.c.o
/usr/bin/cc    -fPIC    -o CMakeFiles/cmTC_7f728.dir/CheckSymbolExists.c.o   -c /home/fb/Learn/tutorials/CUDA编程入门/examples/VecAdd/build/CMakeFiles/CMakeTmp/CheckSymbolExists.c
Linking C executable cmTC_7f728
/usr/bin/cmake -E cmake_link_script CMakeFiles/cmTC_7f728.dir/link.txt --verbose=1
/usr/bin/cc  -fPIC     CMakeFiles/cmTC_7f728.dir/CheckSymbolExists.c.o  -o cmTC_7f728 -rdynamic 
CMakeFiles/cmTC_7f728.dir/CheckSymbolExists.c.o：在函数‘main’中：
CheckSymbolExists.c:(.text+0x1b)：对‘pthread_create’未定义的引用
collect2: error: ld returned 1 exit status
CMakeFiles/cmTC_7f728.dir/build.make:97: recipe for target 'cmTC_7f728' failed
make[1]: *** [cmTC_7f728] Error 1
make[1]: Leaving directory '/home/fb/Learn/tutorials/CUDA编程入门/examples/VecAdd/build/CMakeFiles/CMakeTmp'
Makefile:126: recipe for target 'cmTC_7f728/fast' failed
make: *** [cmTC_7f728/fast] Error 2

File /home/fb/Learn/tutorials/CUDA编程入门/examples/VecAdd/build/CMakeFiles/CMakeTmp/CheckSymbolExists.c:
/* */
#include <pthread.h>

int main(int argc, char** argv)
{
  (void)argv;
#ifndef pthread_create
  return ((int*)(&pthread_create))[argc];
#else
  (void)argc;
  return 0;
#endif
}

Determining if the function pthread_create exists in the pthreads failed with the following output:
Change Dir: /home/fb/Learn/tutorials/CUDA编程入门/examples/VecAdd/build/CMakeFiles/CMakeTmp

Run Build Command:"/usr/bin/make" "cmTC_8d7dd/fast"
/usr/bin/make -f CMakeFiles/cmTC_8d7dd.dir/build.make CMakeFiles/cmTC_8d7dd.dir/build
make[1]: Entering directory '/home/fb/Learn/tutorials/CUDA编程入门/examples/VecAdd/build/CMakeFiles/CMakeTmp'
Building C object CMakeFiles/cmTC_8d7dd.dir/CheckFunctionExists.c.o
/usr/bin/cc    -fPIC -DCHECK_FUNCTION_EXISTS=pthread_create   -o CMakeFiles/cmTC_8d7dd.dir/CheckFunctionExists.c.o   -c /usr/share/cmake-3.5/Modules/CheckFunctionExists.c
Linking C executable cmTC_8d7dd
/usr/bin/cmake -E cmake_link_script CMakeFiles/cmTC_8d7dd.dir/link.txt --verbose=1
/usr/bin/cc  -fPIC -DCHECK_FUNCTION_EXISTS=pthread_create    CMakeFiles/cmTC_8d7dd.dir/CheckFunctionExists.c.o  -o cmTC_8d7dd -rdynamic -lpthreads 
/usr/bin/ld: 找不到 -lpthreads
collect2: error: ld returned 1 exit status
CMakeFiles/cmTC_8d7dd.dir/build.make:97: recipe for target 'cmTC_8d7dd' failed
make[1]: *** [cmTC_8d7dd] Error 1
make[1]: Leaving directory '/home/fb/Learn/tutorials/CUDA编程入门/examples/VecAdd/build/CMakeFiles/CMakeTmp'
Makefile:126: recipe for target 'cmTC_8d7dd/fast' failed
make: *** [cmTC_8d7dd/fast] Error 2


